Thu 09 Mar 2023 03:49:21 PM UTC: 
 tests:  0|7
total_score: 0/70
89e6987
Thu 16 Mar 2023 09:09:01 PM UTC: 
 tests:  0|7
total_score: 0/70
634c223
Thu 16 Mar 2023 09:12:32 PM UTC: 
 exercises.c | 3 +++
 1 file changed, 3 insertions(+)
In file included from test.c:5:
exercises.c: In function ‘swap’:
exercises.c:18:3: error: statement with no effect [-Werror=unused-value]
   18 |   *a; = pivote
      |   ^~
exercises.c:18:7: error: expected expression before ‘=’ token
   18 |   *a; = pivote
      |       ^
cc1: all warnings being treated as errors
Compilation failed
7212e0e
Thu 16 Mar 2023 09:12:54 PM UTC: 
 exercises.c | 4 ++--
 1 file changed, 2 insertions(+), 2 deletions(-)
In file included from test.c:5:
exercises.c: In function ‘swap’:
exercises.c:18:3: error: statement with no effect [-Werror=unused-value]
   18 |   *b; = pivote
      |   ^~
exercises.c:18:7: error: expected expression before ‘=’ token
   18 |   *b; = pivote
      |       ^
cc1: all warnings being treated as errors
Compilation failed
bec89d3
Thu 16 Mar 2023 09:13:50 PM UTC: 
 exercises.c | 4 ++--
 1 file changed, 2 insertions(+), 2 deletions(-)
In file included from test.c:5:
exercises.c: In function ‘swap’:
exercises.c:18:3: error: statement with no effect [-Werror=unused-value]
   18 |   b; = pivote
      |   ^
exercises.c:18:6: error: expected expression before ‘=’ token
   18 |   b; = pivote
      |      ^
cc1: all warnings being treated as errors
Compilation failed
faf3831
Thu 16 Mar 2023 09:14:00 PM UTC: 
 exercises.c | 2 +-
 1 file changed, 1 insertion(+), 1 deletion(-)
In file included from test.c:5:
exercises.c: In function ‘swap’:
exercises.c:18:3: error: statement with no effect [-Werror=unused-value]
   18 |   b; = pivote;
      |   ^
exercises.c:18:6: error: expected expression before ‘=’ token
   18 |   b; = pivote;
      |      ^
cc1: all warnings being treated as errors
Compilation failed
043ce22
Thu 16 Mar 2023 09:14:13 PM UTC: 
 exercises.c | 2 +-
 1 file changed, 1 insertion(+), 1 deletion(-)
In file included from test.c:5:
exercises.c: In function ‘swap’:
exercises.c:16:16: error: initialization of ‘int’ from ‘int *’ makes integer from pointer without a cast [-Werror=int-conversion]
   16 |   int pivote = a;
      |                ^
exercises.c:18:3: error: statement with no effect [-Werror=unused-value]
   18 |   b; = pivote;
      |   ^
exercises.c:18:6: error: expected expression before ‘=’ token
   18 |   b; = pivote;
      |      ^
cc1: all warnings being treated as errors
Compilation failed
ba366d2
Thu 16 Mar 2023 09:15:57 PM UTC: 
 exercises.c | 6 +++---
 1 file changed, 3 insertions(+), 3 deletions(-)
 tests:  1|6
total_score: 10/70
397d901
Thu 16 Mar 2023 09:20:25 PM UTC: 
 exercises.c | 2 +-
 1 file changed, 1 insertion(+), 1 deletion(-)
In file included from test.c:5:
exercises.c: In function ‘asignarValor’:
exercises.c:78:3: error: invalid type argument of unary ‘*’ (have ‘Vector’)
   78 |   *v[i] = valor;
      |   ^~~~~
Compilation failed
2a5c0d2
Thu 16 Mar 2023 09:21:12 PM UTC: 
 exercises.c | 2 +-
 1 file changed, 1 insertion(+), 1 deletion(-)
In file included from test.c:5:
exercises.c: In function ‘asignarValor’:
exercises.c:78:10: error: incompatible types when assigning to type ‘Vector’ from type ‘int’
   78 |   v[i] = valor;
      |          ^~~~~
Compilation failed
a06d4f3
Thu 16 Mar 2023 09:31:30 PM UTC: 
 exercises.c | 11 +++++++++--
 1 file changed, 9 insertions(+), 2 deletions(-)
 tests:  1|6
total_score: 10/70
2f046b9
Thu 16 Mar 2023 09:32:36 PM UTC: 
 exercises.c | 4 +++-
 1 file changed, 3 insertions(+), 1 deletion(-)
 tests:  2|5
total_score: 20/70
5e1d5e5
Thu 16 Mar 2023 09:36:47 PM UTC: 
 exercises.c | 7 ++++++-
 1 file changed, 6 insertions(+), 1 deletion(-)
In file included from test.c:5:
exercises.c: In function ‘crearPersona’:
exercises.c:60:12: error: returning ‘int’ from a function with return type ‘Persona *’ makes pointer from integer without a cast [-Werror=int-conversion]
   60 |     return EXIT_FAILURE;
      |            ^~~~~~~~~~~~
exercises.c:62:11: error: format ‘%c’ expects argument of type ‘char *’, but argument 2 has type ‘char (*)[30]’ [-Werror=format=]
   62 |   scanf("%c", &p->nombre);
      |          ~^   ~~~~~~~~~~
      |           |   |
      |           |   char (*)[30]
      |           char *
exercises.c:63:11: error: format ‘%c’ expects argument of type ‘char *’, but argument 2 has type ‘char (*)[11]’ [-Werror=format=]
   63 |   scanf("%c", &p->rut);
      |          ~^   ~~~~~~~
      |           |   |
      |           |   char (*)[11]
      |           char *
exercises.c:62:3: error: ignoring return value of ‘scanf’ declared with attribute ‘warn_unused_result’ [-Werror=unused-result]
   62 |   scanf("%c", &p->nombre);
      |   ^~~~~~~~~~~~~~~~~~~~~~~
exercises.c:63:3: error: ignoring return value of ‘scanf’ declared with attribute ‘warn_unused_result’ [-Werror=unused-result]
   63 |   scanf("%c", &p->rut);
      |   ^~~~~~~~~~~~~~~~~~~~
exercises.c:64:3: error: ignoring return value of ‘scanf’ declared with attribute ‘warn_unused_result’ [-Werror=unused-result]
   64 |   scanf("%i", &p->edad);
      |   ^~~~~~~~~~~~~~~~~~~~~
cc1: all warnings being treated as errors
Compilation failed
ed27d43
Fri 17 Mar 2023 03:52:34 AM UTC: 
 exercises.c | 4 ++--
 1 file changed, 2 insertions(+), 2 deletions(-)
In file included from test.c:5:
exercises.c: In function ‘crearPersona’:
exercises.c:60:12: error: returning ‘int’ from a function with return type ‘Persona *’ makes pointer from integer without a cast [-Werror=int-conversion]
   60 |     return EXIT_FAILURE;
      |            ^~~~~~~~~~~~
exercises.c:62:3: error: implicit declaration of function ‘gets’; did you mean ‘fgets’? [-Werror=implicit-function-declaration]
   62 |   gets(&p->nombre);
      |   ^~~~
      |   fgets
exercises.c:64:3: error: ignoring return value of ‘scanf’ declared with attribute ‘warn_unused_result’ [-Werror=unused-result]
   64 |   scanf("%i", &p->edad);
      |   ^~~~~~~~~~~~~~~~~~~~~
cc1: all warnings being treated as errors
Compilation failed
bc24447
Fri 17 Mar 2023 03:55:06 AM UTC: 
 exercises.c | 6 +++---
 1 file changed, 3 insertions(+), 3 deletions(-)
In file included from test.c:5:
exercises.c: In function ‘crearPersona’:
exercises.c:60:12: error: returning ‘int’ from a function with return type ‘Persona *’ makes pointer from integer without a cast [-Werror=int-conversion]
   60 |     return EXIT_FAILURE;
      |            ^~~~~~~~~~~~
exercises.c:62:22: error: expected expression before ‘]’ token
   62 |   p->nombre = nombre[];
      |                      ^
exercises.c:63:16: error: expected expression before ‘]’ token
   63 |   p->rut = rut[];
      |                ^
cc1: all warnings being treated as errors
Compilation failed
69324d4
Fri 17 Mar 2023 03:55:41 AM UTC: 
 exercises.c | 2 +-
 1 file changed, 1 insertion(+), 1 deletion(-)
In file included from test.c:5:
exercises.c: In function ‘crearPersona’:
exercises.c:59:9: error: invalid operands to binary == (have ‘Persona’ and ‘void *’)
   59 |   if(*p == NULL) {
      |      ~~ ^~
      |      |
      |      Persona
exercises.c:60:12: error: returning ‘int’ from a function with return type ‘Persona *’ makes pointer from integer without a cast [-Werror=int-conversion]
   60 |     return EXIT_FAILURE;
      |            ^~~~~~~~~~~~
exercises.c:62:22: error: expected expression before ‘]’ token
   62 |   p->nombre = nombre[];
      |                      ^
exercises.c:63:16: error: expected expression before ‘]’ token
   63 |   p->rut = rut[];
      |                ^
cc1: all warnings being treated as errors
Compilation failed
fe817b3
Fri 17 Mar 2023 03:56:14 AM UTC: 
 exercises.c | 6 +++---
 1 file changed, 3 insertions(+), 3 deletions(-)
In file included from test.c:5:
exercises.c: In function ‘crearPersona’:
exercises.c:60:12: error: returning ‘int’ from a function with return type ‘Persona *’ makes pointer from integer without a cast [-Werror=int-conversion]
   60 |     return EXIT_FAILURE;
      |            ^~~~~~~~~~~~
exercises.c:62:13: error: assignment to expression with array type
   62 |   p->nombre = nombre[30];
      |             ^
exercises.c:63:10: error: assignment to expression with array type
   63 |   p->rut = rut[11];
      |          ^
cc1: all warnings being treated as errors
Compilation failed
d541d2d
Fri 17 Mar 2023 03:56:35 AM UTC: 
 exercises.c | 4 ++--
 1 file changed, 2 insertions(+), 2 deletions(-)
In file included from test.c:5:
exercises.c: In function ‘crearPersona’:
exercises.c:60:12: error: returning ‘int’ from a function with return type ‘Persona *’ makes pointer from integer without a cast [-Werror=int-conversion]
   60 |     return EXIT_FAILURE;
      |            ^~~~~~~~~~~~
exercises.c:62:12: error: array subscript 30 is above array bounds of ‘char[30]’ [-Werror=array-bounds]
   62 |   p->nombre[30] = nombre[30];
      |   ~~~~~~~~~^~~~
exercises.c:50:8: note: while referencing ‘nombre’
   50 |   char nombre[30];
      |        ^~~~~~
exercises.c:63:9: error: array subscript 11 is above array bounds of ‘char[11]’ [-Werror=array-bounds]
   63 |   p->rut[11] = rut[11];
      |   ~~~~~~^~~~
exercises.c:51:8: note: while referencing ‘rut’
   51 |   char rut[11];
      |        ^~~
cc1: all warnings being treated as errors
Compilation failed
aa53b3a
Fri 17 Mar 2023 03:56:50 AM UTC: 
 exercises.c | 4 ++--
 1 file changed, 2 insertions(+), 2 deletions(-)
In file included from test.c:5:
exercises.c: In function ‘crearPersona’:
exercises.c:60:12: error: returning ‘int’ from a function with return type ‘Persona *’ makes pointer from integer without a cast [-Werror=int-conversion]
   60 |     return EXIT_FAILURE;
      |            ^~~~~~~~~~~~
exercises.c:62:17: error: assignment to ‘char’ from ‘char *’ makes integer from pointer without a cast [-Werror=int-conversion]
   62 |   p->nombre[30] = nombre;
      |                 ^
exercises.c:63:14: error: assignment to ‘char’ from ‘char *’ makes integer from pointer without a cast [-Werror=int-conversion]
   63 |   p->rut[11] = rut;
      |              ^
exercises.c:62:12: error: array subscript 30 is above array bounds of ‘char[30]’ [-Werror=array-bounds]
   62 |   p->nombre[30] = nombre;
      |   ~~~~~~~~~^~~~
exercises.c:50:8: note: while referencing ‘nombre’
   50 |   char nombre[30];
      |        ^~~~~~
exercises.c:63:9: error: array subscript 11 is above array bounds of ‘char[11]’ [-Werror=array-bounds]
   63 |   p->rut[11] = rut;
      |   ~~~~~~^~~~
exercises.c:51:8: note: while referencing ‘rut’
   51 |   char rut[11];
      |        ^~~
cc1: all warnings being treated as errors
Compilation failed
e85cb3a
Fri 17 Mar 2023 03:59:44 AM UTC: 
 exercises.c | 4 ++--
 1 file changed, 2 insertions(+), 2 deletions(-)
In file included from test.c:5:
exercises.c: In function ‘crearPersona’:
exercises.c:60:12: error: returning ‘int’ from a function with return type ‘Persona *’ makes pointer from integer without a cast [-Werror=int-conversion]
   60 |     return EXIT_FAILURE;
      |            ^~~~~~~~~~~~
exercises.c:62:3: error: implicit declaration of function ‘strcopy’; did you mean ‘strcpy’? [-Werror=implicit-function-declaration]
   62 |   strcopy(p->nombre, nombre);
      |   ^~~~~~~
      |   strcpy
cc1: all warnings being treated as errors
Compilation failed
0e933f2
Fri 17 Mar 2023 03:59:54 AM UTC: 
 exercises.c | 4 ++--
 1 file changed, 2 insertions(+), 2 deletions(-)
In file included from test.c:5:
exercises.c: In function ‘crearPersona’:
exercises.c:60:12: error: returning ‘int’ from a function with return type ‘Persona *’ makes pointer from integer without a cast [-Werror=int-conversion]
   60 |     return EXIT_FAILURE;
      |            ^~~~~~~~~~~~
cc1: all warnings being treated as errors
Compilation failed
6e40f0d
Fri 17 Mar 2023 04:00:38 AM UTC: 
 exercises.c | 2 +-
 1 file changed, 1 insertion(+), 1 deletion(-)
 tests:  3|4
total_score: 30/70
493fb9b
Fri 17 Mar 2023 04:06:31 AM UTC: 
 exercises.c | 7 ++++++-
 1 file changed, 6 insertions(+), 1 deletion(-)
 tests:  3|4
total_score: 30/70
8f377e9
Fri 17 Mar 2023 04:07:53 AM UTC: 
 exercises.c | 2 +-
 1 file changed, 1 insertion(+), 1 deletion(-)
In file included from test.c:5:
exercises.c: In function ‘crearVector’:
exercises.c:83:30: error: too few arguments to function ‘calloc’
   83 |   Vector *array = (Vector *) calloc(sizeof(Vector) * n);
      |                              ^~~~~~
In file included from test.c:2:
/nix/store/iwd8ic5hhwdxn5dga0im55g5hjl270cd-glibc-2.33-47-dev/include/stdlib.h:542:14: note: declared here
  542 | extern void *calloc (size_t __nmemb, size_t __size)
      |              ^~~~~~
Compilation failed
45a97c3
Fri 17 Mar 2023 04:09:04 AM UTC: 
 exercises.c | 2 +-
 1 file changed, 1 insertion(+), 1 deletion(-)
 tests:  3|4
total_score: 30/70
45f2dea
Fri 17 Mar 2023 04:17:12 AM UTC: 
 exercises.c | 9 +++++++--
 1 file changed, 7 insertions(+), 2 deletions(-)
In file included from test.c:5:
exercises.c: In function ‘obtenerValor’:
exercises.c:106:14: error: ‘vector’ undeclared (first use in this function); did you mean ‘Vector’?
  106 |   int temp = vector[i]
      |              ^~~~~~
      |              Vector
exercises.c:106:14: note: each undeclared identifier is reported only once for each function it appears in
exercises.c:107:3: error: expected ‘,’ or ‘;’ before ‘return’
  107 |   return temp;
      |   ^~~~~~
exercises.c:106:7: error: unused variable ‘temp’ [-Werror=unused-variable]
  106 |   int temp = vector[i]
      |       ^~~~
exercises.c: In function ‘sumaV’:
exercises.c:116:27: error: division ‘sizeof (Vector *) / sizeof (Vector)’ does not compute the number of array elements [-Werror=sizeof-pointer-div]
  116 |   int longitud = sizeof(a)/sizeof(a[0]);
      |                           ^
exercises.c:115:21: note: first ‘sizeof’ operand was declared here
  115 | void sumaV(Vector * a, Vector * b, Vector * c) {
      |            ~~~~~~~~~^
exercises.c:118:21: error: invalid operands to binary + (have ‘Vector’ and ‘Vector’)
  118 |     int suma = a[k] + b[k];
      |                ~~~~ ^ ~~~~
      |                 |      |
      |                 Vector Vector
exercises.c:119:12: error: incompatible types when assigning to type ‘Vector’ from type ‘int’
  119 |     c[k] = suma
      |            ^~~~
exercises.c:119:16: error: expected ‘;’ before ‘}’ token
  119 |     c[k] = suma
      |                ^
      |                ;
  120 |   }
      |   ~             
exercises.c: In function ‘obtenerValor’:
exercises.c:108:1: error: control reaches end of non-void function [-Werror=return-type]
  108 | }
      | ^
cc1: all warnings being treated as errors
Compilation failed
604d2a7
Fri 17 Mar 2023 04:17:17 AM UTC: 
 exercises.c | 2 +-
 1 file changed, 1 insertion(+), 1 deletion(-)
In file included from test.c:5:
exercises.c: In function ‘obtenerValor’:
exercises.c:106:14: error: ‘vector’ undeclared (first use in this function); did you mean ‘Vector’?
  106 |   int temp = vector[i]
      |              ^~~~~~
      |              Vector
exercises.c:106:14: note: each undeclared identifier is reported only once for each function it appears in
exercises.c:107:3: error: expected ‘,’ or ‘;’ before ‘return’
  107 |   return temp;
      |   ^~~~~~
exercises.c:106:7: error: unused variable ‘temp’ [-Werror=unused-variable]
  106 |   int temp = vector[i]
      |       ^~~~
exercises.c: In function ‘sumaV’:
exercises.c:116:27: error: division ‘sizeof (Vector *) / sizeof (Vector)’ does not compute the number of array elements [-Werror=sizeof-pointer-div]
  116 |   int longitud = sizeof(a)/sizeof(a[0]);
      |                           ^
exercises.c:115:21: note: first ‘sizeof’ operand was declared here
  115 | void sumaV(Vector * a, Vector * b, Vector * c) {
      |            ~~~~~~~~~^
exercises.c:118:21: error: invalid operands to binary + (have ‘Vector’ and ‘Vector’)
  118 |     int suma = a[k] + b[k];
      |                ~~~~ ^ ~~~~
      |                 |      |
      |                 Vector Vector
exercises.c:119:12: error: incompatible types when assigning to type ‘Vector’ from type ‘int’
  119 |     c[k] = suma;
      |            ^~~~
exercises.c: In function ‘obtenerValor’:
exercises.c:108:1: error: control reaches end of non-void function [-Werror=return-type]
  108 | }
      | ^
cc1: all warnings being treated as errors
Compilation failed
0effac2
Fri 17 Mar 2023 04:18:24 AM UTC: 
 exercises.c | 2 +-
 1 file changed, 1 insertion(+), 1 deletion(-)
In file included from test.c:5:
exercises.c: In function ‘obtenerValor’:
exercises.c:106:14: error: incompatible types when initializing type ‘int’ using type ‘Vector’
  106 |   int temp = v[i]
      |              ^
exercises.c:107:3: error: expected ‘,’ or ‘;’ before ‘return’
  107 |   return temp;
      |   ^~~~~~
exercises.c:106:7: error: unused variable ‘temp’ [-Werror=unused-variable]
  106 |   int temp = v[i]
      |       ^~~~
exercises.c: In function ‘sumaV’:
exercises.c:116:27: error: division ‘sizeof (Vector *) / sizeof (Vector)’ does not compute the number of array elements [-Werror=sizeof-pointer-div]
  116 |   int longitud = sizeof(a)/sizeof(a[0]);
      |                           ^
exercises.c:115:21: note: first ‘sizeof’ operand was declared here
  115 | void sumaV(Vector * a, Vector * b, Vector * c) {
      |            ~~~~~~~~~^
exercises.c:118:21: error: invalid operands to binary + (have ‘Vector’ and ‘Vector’)
  118 |     int suma = a[k] + b[k];
      |                ~~~~ ^ ~~~~
      |                 |      |
      |                 Vector Vector
exercises.c:119:12: error: incompatible types when assigning to type ‘Vector’ from type ‘int’
  119 |     c[k] = suma;
      |            ^~~~
exercises.c: In function ‘obtenerValor’:
exercises.c:108:1: error: control reaches end of non-void function [-Werror=return-type]
  108 | }
      | ^
cc1: all warnings being treated as errors
Compilation failed
403684f
Fri 17 Mar 2023 04:19:23 AM UTC: 
 exercises.c | 2 --
 1 file changed, 2 deletions(-)
In file included from test.c:5:
exercises.c: In function ‘sumaV’:
exercises.c:114:27: error: division ‘sizeof (Vector *) / sizeof (Vector)’ does not compute the number of array elements [-Werror=sizeof-pointer-div]
  114 |   int longitud = sizeof(a)/sizeof(a[0]);
      |                           ^
exercises.c:113:21: note: first ‘sizeof’ operand was declared here
  113 | void sumaV(Vector * a, Vector * b, Vector * c) {
      |            ~~~~~~~~~^
exercises.c:116:21: error: invalid operands to binary + (have ‘Vector’ and ‘Vector’)
  116 |     int suma = a[k] + b[k];
      |                ~~~~ ^ ~~~~
      |                 |      |
      |                 Vector Vector
exercises.c:117:12: error: incompatible types when assigning to type ‘Vector’ from type ‘int’
  117 |     c[k] = suma;
      |            ^~~~
exercises.c: In function ‘obtenerValor’:
exercises.c:106:1: error: control reaches end of non-void function [-Werror=return-type]
  106 | }
      | ^
cc1: all warnings being treated as errors
Compilation failed
c51967f
Fri 17 Mar 2023 04:23:59 AM UTC: 
 exercises.c | 5 +++--
 1 file changed, 3 insertions(+), 2 deletions(-)
In file included from test.c:5:
exercises.c: In function ‘crearVector’:
exercises.c:88:3: error: ‘vector’ undeclared (first use in this function); did you mean ‘Vector’?
   88 |   vector->capacidad = n;
      |   ^~~~~~
      |   Vector
exercises.c:88:3: note: each undeclared identifier is reported only once for each function it appears in
exercises.c: In function ‘sumaV’:
exercises.c:115:27: error: division ‘sizeof (Vector *) / sizeof (Vector)’ does not compute the number of array elements [-Werror=sizeof-pointer-div]
  115 |   int longitud = sizeof(a)/sizeof(a[0]);
      |                           ^
exercises.c:114:20: note: first ‘sizeof’ operand was declared here
  114 | void sumaV(Vector *a, Vector *b, Vector *c) {
      |            ~~~~~~~~^
exercises.c:117:21: error: invalid operands to binary + (have ‘Vector’ and ‘Vector’)
  117 |     int suma = a[k] + b[k];
      |                ~~~~ ^ ~~~~
      |                 |      |
      |                 Vector Vector
exercises.c:118:12: error: incompatible types when assigning to type ‘Vector’ from type ‘int’
  118 |     c[k] = suma;
      |            ^~~~
exercises.c: In function ‘obtenerValor’:
exercises.c:107:1: error: control reaches end of non-void function [-Werror=return-type]
  107 | }
      | ^
cc1: all warnings being treated as errors
Compilation failed
5c8bdba
Fri 17 Mar 2023 04:24:14 AM UTC: 
 exercises.c | 7 ++-----
 1 file changed, 2 insertions(+), 5 deletions(-)
In file included from test.c:5:
exercises.c: In function ‘crearVector’:
exercises.c:88:3: error: ‘vector’ undeclared (first use in this function); did you mean ‘Vector’?
   88 |   vector->capacidad = n;
      |   ^~~~~~
      |   Vector
exercises.c:88:3: note: each undeclared identifier is reported only once for each function it appears in
exercises.c: In function ‘obtenerValor’:
exercises.c:107:1: error: control reaches end of non-void function [-Werror=return-type]
  107 | }
      | ^
cc1: all warnings being treated as errors
Compilation failed
4746234
Fri 17 Mar 2023 04:24:23 AM UTC: 
 exercises.c | 2 +-
 1 file changed, 1 insertion(+), 1 deletion(-)
In file included from test.c:5:
exercises.c: In function ‘obtenerValor’:
exercises.c:107:1: error: control reaches end of non-void function [-Werror=return-type]
  107 | }
      | ^
cc1: all warnings being treated as errors
Compilation failed
e86862b
Fri 17 Mar 2023 04:29:34 AM UTC: 
 exercises.c | 2 +-
 1 file changed, 1 insertion(+), 1 deletion(-)
In file included from test.c:5:
exercises.c: In function ‘obtenerValor’:
exercises.c:108:1: error: control reaches end of non-void function [-Werror=return-type]
  108 | }
      | ^
cc1: all warnings being treated as errors
Compilation failed
bdb5d6d
Fri 17 Mar 2023 04:30:35 AM UTC: 
 exercises.c | 2 +-
 1 file changed, 1 insertion(+), 1 deletion(-)
In file included from test.c:5:
exercises.c: In function ‘crearVector’:
exercises.c:87:10: error: expected identifier before ‘*’ token
   87 |   array->*datos = (int*) calloc(n, sizeof(int));
      |          ^
exercises.c: In function ‘obtenerValor’:
exercises.c:108:1: error: control reaches end of non-void function [-Werror=return-type]
  108 | }
      | ^
cc1: all warnings being treated as errors
Compilation failed
d838d8d
Fri 17 Mar 2023 04:30:48 AM UTC: 
 exercises.c | 2 +-
 1 file changed, 1 insertion(+), 1 deletion(-)
In file included from test.c:5:
exercises.c: In function ‘obtenerValor’:
exercises.c:108:1: error: control reaches end of non-void function [-Werror=return-type]
  108 | }
      | ^
cc1: all warnings being treated as errors
Compilation failed
c861e7f
Fri 17 Mar 2023 12:45:44 PM UTC: 
 exercises.c | 2 +-
 1 file changed, 1 insertion(+), 1 deletion(-)
In file included from test.c:5:
exercises.c: In function ‘obtenerValor’:
exercises.c:107:1: error: control reaches end of non-void function [-Werror=return-type]
  107 | }
      | ^
cc1: all warnings being treated as errors
Compilation failed
8628f30
Fri 17 Mar 2023 12:46:20 PM UTC: 
 exercises.c | 1 +
 1 file changed, 1 insertion(+)
 tests:  4|3
total_score: 40/70
f3787f3
Fri 17 Mar 2023 02:12:15 PM UTC: 
 exercises.c | 2 +-
 1 file changed, 1 insertion(+), 1 deletion(-)
In file included from test.c:5:
exercises.c: In function ‘asignarValor’:
exercises.c:98:20: error: expected ‘;’ before ‘}’ token
   98 |   v->datos[i]=valor
      |                    ^
      |                    ;
   99 | }
      | ~                   
Compilation failed
410c2fc
Fri 17 Mar 2023 02:12:21 PM UTC: 
 exercises.c | 2 +-
 1 file changed, 1 insertion(+), 1 deletion(-)
 tests:  4|3
total_score: 40/70
1ffcb00
Fri 17 Mar 2023 02:13:44 PM UTC: 
 exercises.c | 4 +++-
 1 file changed, 3 insertions(+), 1 deletion(-)
In file included from test.c:5:
exercises.c: In function ‘obtenerValor’:
exercises.c:107:3: error: ‘retorno’ undeclared (first use in this function)
  107 |   retorno = v->datos[k];
      |   ^~~~~~~
exercises.c:107:3: note: each undeclared identifier is reported only once for each function it appears in
exercises.c:107:22: error: ‘k’ undeclared (first use in this function)
  107 |   retorno = v->datos[k];
      |                      ^
exercises.c:110:1: error: control reaches end of non-void function [-Werror=return-type]
  110 | }
      | ^
cc1: all warnings being treated as errors
Compilation failed
27c9d52
Fri 17 Mar 2023 02:13:50 PM UTC: 
 exercises.c | 2 +-
 1 file changed, 1 insertion(+), 1 deletion(-)
In file included from test.c:5:
exercises.c: In function ‘obtenerValor’:
exercises.c:107:3: error: ‘retorno’ undeclared (first use in this function)
  107 |   retorno = v->datos[i];
      |   ^~~~~~~
exercises.c:107:3: note: each undeclared identifier is reported only once for each function it appears in
exercises.c:110:1: error: control reaches end of non-void function [-Werror=return-type]
  110 | }
      | ^
cc1: all warnings being treated as errors
Compilation failed
f5d5e50
Fri 17 Mar 2023 02:13:57 PM UTC: 
 exercises.c | 2 +-
 1 file changed, 1 insertion(+), 1 deletion(-)
 tests:  6|2
total_score: 50/70
444dd8b
Fri 17 Mar 2023 02:17:14 PM UTC: 
 exercises.c | 6 +++++-
 1 file changed, 5 insertions(+), 1 deletion(-)
In file included from test.c:5:
exercises.c: In function ‘sumaV’:
exercises.c:120:17: error: invalid operands to binary + (have ‘Vector’ and ‘Vector’)
  120 |     suma = a[k] + b[k];
      |            ~~~~ ^ ~~~~
      |             |      |
      |             Vector Vector
exercises.c:121:12: error: incompatible types when assigning to type ‘Vector’ from type ‘int’
  121 |     c[k] = suma;
      |            ^~~~
Compilation failed
3754d81
Fri 17 Mar 2023 02:17:53 PM UTC: 
 exercises.c | 4 ++--
 1 file changed, 2 insertions(+), 2 deletions(-)
 tests:  7|1
total_score: 60/70
cd8d0bb
Fri 17 Mar 2023 02:19:46 PM UTC: 
 exercises.c | 6 +++++-
 1 file changed, 5 insertions(+), 1 deletion(-)
 tests:  7|1
total_score: 60/70
7e3ca35
Fri 17 Mar 2023 02:27:06 PM UTC: 
 exercises.c | 3 +--
 1 file changed, 1 insertion(+), 2 deletions(-)
 tests:  7|1
total_score: 60/70
ff3346d
Fri 17 Mar 2023 02:27:32 PM UTC: 
 exercises.c | 2 +-
 1 file changed, 1 insertion(+), 1 deletion(-)
In file included from test.c:5:
exercises.c: In function ‘sumaV2’:
exercises.c:134:13: error: left-hand operand of comma expression has no effect [-Werror=unused-value]
  134 |   suma = (a1,a2) + (b1+b2);
      |             ^
cc1: all warnings being treated as errors
Compilation failed
22d0734
